<?xml version="1.0" encoding="UTF-8"?>
<!-- Generated by org.testng.reporters.JUnitReportReporter -->
<testsuite hostname="Gopika" failures="0" tests="1" name="javascriptexecutor.JSExecutorEx" time="6.369" errors="0" timestamp="2023-04-24T08:21:59 IST" skipped="0">
  <testcase classname="javascriptexecutor.JSExecutorEx" name="buttonClick" time="6.369"/>
  <system-out/>
</testsuite> <!-- javascriptexecutor.JSExecutorEx -->
